<?xml version="1.0" encoding="UTF-8"?>
<testng-results ignored="0" total="0" passed="0" failed="0" skipped="0">
  <reporter-output>
  </reporter-output>
  <suite started-at="2021-07-04T14:31:09 MSK" name="Surefire suite" finished-at="2021-07-04T14:31:09 MSK" duration-ms="8">
    <groups>
    </groups>
    <test started-at="2021-07-04T14:31:09 MSK" name="Surefire test" finished-at="2021-07-04T14:31:09 MSK" duration-ms="8">
    </test> <!-- Surefire test -->
  </suite> <!-- Surefire suite -->
</testng-results>
