<?xml version="1.0" encoding="UTF-8"?>
<!-- Generated by org.testng.reporters.JUnitXMLReporter -->
<testsuite ignored="0" hostname="MacBook-Air-Eduard.local" failures="0" tests="19" name="CalculatorTestNG" time="0.119" errors="0" timestamp="2021-07-11T10:27:21 MSK">
  <testcase classname="CalculatorTestNG" name="testDivide" time="0.005"/>
  <testcase classname="CalculatorTestNG" name="testDivide" time="0.004"/>
  <testcase classname="CalculatorTestNG" name="testDivide" time="0.001"/>
  <testcase classname="CalculatorTestNG" name="testDivide" time="0.0"/>
  <testcase classname="CalculatorTestNG" name="testMinus" time="0.0"/>
  <testcase classname="CalculatorTestNG" name="testMinus" time="0.0"/>
  <testcase classname="CalculatorTestNG" name="testMinus" time="0.0"/>
  <testcase classname="CalculatorTestNG" name="testMinus" time="0.001"/>
  <testcase classname="CalculatorTestNG" name="testMinus" time="0.0"/>
  <testcase classname="CalculatorTestNG" name="testMinus" time="0.0"/>
  <testcase classname="CalculatorTestNG" name="testMinus" time="0.001"/>
  <testcase classname="CalculatorTestNG" name="testMinus" time="0.0"/>
  <testcase classname="CalculatorTestNG" name="testMinus" time="0.0"/>
  <testcase classname="CalculatorTestNG" name="testMinus" time="0.0"/>
  <testcase classname="CalculatorTestNG" name="testMultiply" time="0.001"/>
  <testcase classname="CalculatorTestNG" name="testMultiply" time="0.003"/>
  <testcase classname="CalculatorTestNG" name="testMultiply" time="0.001"/>
  <testcase classname="CalculatorTestNG" name="testMultiply" time="0.001"/>
  <testcase classname="CalculatorTestNG" name="testSum" time="0.0"/>
</testsuite> <!-- CalculatorTestNG -->
