<?xml version="1.0" encoding="UTF-8"?>
<!-- Generated by org.testng.reporters.JUnitXMLReporter -->
<testsuite ignored="0" hostname="MacBook-Air-Eduard.local" failures="0" tests="19" name="homework" time="0.284" errors="0" timestamp="2021-07-05T23:20:12 MSK">
  <testcase classname="CalculatorTestNG" name="testDivide" time="0.007"/>
  <testcase classname="CalculatorTestNG" name="testDivide" time="0.006"/>
  <testcase classname="CalculatorTestNG" name="testDivide" time="0.001"/>
  <testcase classname="CalculatorTestNG" name="testDivide" time="0.001"/>
  <testcase classname="CalculatorTestNG" name="testMinus" time="0.017"/>
  <testcase classname="CalculatorTestNG" name="testMinus" time="0.006"/>
  <testcase classname="CalculatorTestNG" name="testMinus" time="0.006"/>
  <testcase classname="CalculatorTestNG" name="testMinus" time="0.0"/>
  <testcase classname="CalculatorTestNG" name="testMinus" time="0.0"/>
  <testcase classname="CalculatorTestNG" name="testMinus" time="0.001"/>
  <testcase classname="CalculatorTestNG" name="testMinus" time="0.003"/>
  <testcase classname="CalculatorTestNG" name="testMinus" time="0.015"/>
  <testcase classname="CalculatorTestNG" name="testMinus" time="0.001"/>
  <testcase classname="CalculatorTestNG" name="testMinus" time="0.0"/>
  <testcase classname="CalculatorTestNG" name="testMultiply" time="0.001"/>
  <testcase classname="CalculatorTestNG" name="testMultiply" time="0.012"/>
  <testcase classname="CalculatorTestNG" name="testMultiply" time="0.001"/>
  <testcase classname="CalculatorTestNG" name="testMultiply" time="0.002"/>
  <testcase classname="CalculatorTestNG" name="testSum" time="0.001"/>
</testsuite> <!-- homework -->
