<?xml version="1.0" encoding="UTF-8"?>
<testng-results ignored="0" total="19" passed="19" failed="0" skipped="0">
  <reporter-output>
  </reporter-output>
  <suite started-at="2021-07-05T23:20:12 MSK" name="Default Suite" finished-at="2021-07-05T23:20:12 MSK" duration-ms="284">
    <groups>
      <group name="minus">
        <method signature="CalculatorTestNG.testMinus()[pri:0, instance:CalculatorTestNG@5d11346a]" name="testMinus" class="CalculatorTestNG"/>
      </group> <!-- minus -->
      <group name="sum">
        <method signature="CalculatorTestNG.testSum()[pri:0, instance:CalculatorTestNG@5d11346a]" name="testSum" class="CalculatorTestNG"/>
      </group> <!-- sum -->
      <group name="divide">
        <method signature="CalculatorTestNG.testDivide(int,int,int)[pri:0, instance:CalculatorTestNG@5d11346a]" name="testDivide" class="CalculatorTestNG"/>
      </group> <!-- divide -->
      <group name="multiply">
        <method signature="CalculatorTestNG.testMultiply(double,double,double)[pri:0, instance:CalculatorTestNG@5d11346a]" name="testMultiply" class="CalculatorTestNG"/>
      </group> <!-- multiply -->
    </groups>
    <test started-at="2021-07-05T23:20:12 MSK" name="homework" finished-at="2021-07-05T23:20:12 MSK" duration-ms="284">
      <class name="CalculatorTestNG">
        <test-method signature="testDivide(int,int,int)[pri:0, instance:CalculatorTestNG@5d11346a]" started-at="2021-07-05T23:20:12 MSK" name="testDivide" description="Проверка деления" data-provider="divideArguments" finished-at="2021-07-05T23:20:12 MSK" duration-ms="7" status="PASS">
          <params>
            <param index="0">
              <value>
                <![CDATA[1]]>
              </value>
            </param>
            <param index="1">
              <value>
                <![CDATA[0]]>
              </value>
            </param>
            <param index="2">
              <value>
                <![CDATA[0]]>
              </value>
            </param>
          </params>
          <reporter-output>
          </reporter-output>
        </test-method> <!-- testDivide -->
        <test-method signature="testDivide(int,int,int)[pri:0, instance:CalculatorTestNG@5d11346a]" started-at="2021-07-05T23:20:12 MSK" name="testDivide" description="Проверка деления" data-provider="divideArguments" finished-at="2021-07-05T23:20:12 MSK" duration-ms="6" status="PASS">
          <params>
            <param index="0">
              <value>
                <![CDATA[1]]>
              </value>
            </param>
            <param index="1">
              <value>
                <![CDATA[1]]>
              </value>
            </param>
            <param index="2">
              <value>
                <![CDATA[1]]>
              </value>
            </param>
          </params>
          <reporter-output>
          </reporter-output>
        </test-method> <!-- testDivide -->
        <test-method signature="testDivide(int,int,int)[pri:0, instance:CalculatorTestNG@5d11346a]" started-at="2021-07-05T23:20:12 MSK" name="testDivide" description="Проверка деления" data-provider="divideArguments" finished-at="2021-07-05T23:20:12 MSK" duration-ms="1" status="PASS">
          <params>
            <param index="0">
              <value>
                <![CDATA[6]]>
              </value>
            </param>
            <param index="1">
              <value>
                <![CDATA[3]]>
              </value>
            </param>
            <param index="2">
              <value>
                <![CDATA[2]]>
              </value>
            </param>
          </params>
          <reporter-output>
          </reporter-output>
        </test-method> <!-- testDivide -->
        <test-method signature="testDivide(int,int,int)[pri:0, instance:CalculatorTestNG@5d11346a]" started-at="2021-07-05T23:20:12 MSK" name="testDivide" description="Проверка деления" data-provider="divideArguments" finished-at="2021-07-05T23:20:12 MSK" duration-ms="1" status="PASS">
          <params>
            <param index="0">
              <value>
                <![CDATA[10]]>
              </value>
            </param>
            <param index="1">
              <value>
                <![CDATA[-2]]>
              </value>
            </param>
            <param index="2">
              <value>
                <![CDATA[-5]]>
              </value>
            </param>
          </params>
          <reporter-output>
          </reporter-output>
        </test-method> <!-- testDivide -->
        <test-method signature="testMinus()[pri:0, instance:CalculatorTestNG@5d11346a]" started-at="2021-07-05T23:20:12 MSK" name="testMinus" description="Проверка вычитания" finished-at="2021-07-05T23:20:12 MSK" duration-ms="17" status="PASS">
          <reporter-output>
          </reporter-output>
        </test-method> <!-- testMinus -->
        <test-method signature="testMinus()[pri:0, instance:CalculatorTestNG@5d11346a]" started-at="2021-07-05T23:20:12 MSK" name="testMinus" description="Проверка вычитания" finished-at="2021-07-05T23:20:12 MSK" duration-ms="6" status="PASS">
          <reporter-output>
          </reporter-output>
        </test-method> <!-- testMinus -->
        <test-method signature="testMinus()[pri:0, instance:CalculatorTestNG@5d11346a]" started-at="2021-07-05T23:20:12 MSK" name="testMinus" description="Проверка вычитания" finished-at="2021-07-05T23:20:12 MSK" duration-ms="6" status="PASS">
          <reporter-output>
          </reporter-output>
        </test-method> <!-- testMinus -->
        <test-method signature="testMinus()[pri:0, instance:CalculatorTestNG@5d11346a]" started-at="2021-07-05T23:20:12 MSK" name="testMinus" description="Проверка вычитания" finished-at="2021-07-05T23:20:12 MSK" duration-ms="0" status="PASS">
          <reporter-output>
          </reporter-output>
        </test-method> <!-- testMinus -->
        <test-method signature="testMinus()[pri:0, instance:CalculatorTestNG@5d11346a]" started-at="2021-07-05T23:20:12 MSK" name="testMinus" description="Проверка вычитания" finished-at="2021-07-05T23:20:12 MSK" duration-ms="0" status="PASS">
          <reporter-output>
          </reporter-output>
        </test-method> <!-- testMinus -->
        <test-method signature="testMinus()[pri:0, instance:CalculatorTestNG@5d11346a]" started-at="2021-07-05T23:20:12 MSK" name="testMinus" description="Проверка вычитания" finished-at="2021-07-05T23:20:12 MSK" duration-ms="1" status="PASS">
          <reporter-output>
          </reporter-output>
        </test-method> <!-- testMinus -->
        <test-method signature="testMinus()[pri:0, instance:CalculatorTestNG@5d11346a]" started-at="2021-07-05T23:20:12 MSK" name="testMinus" description="Проверка вычитания" finished-at="2021-07-05T23:20:12 MSK" duration-ms="3" status="PASS">
          <reporter-output>
          </reporter-output>
        </test-method> <!-- testMinus -->
        <test-method signature="testMinus()[pri:0, instance:CalculatorTestNG@5d11346a]" started-at="2021-07-05T23:20:12 MSK" name="testMinus" description="Проверка вычитания" finished-at="2021-07-05T23:20:12 MSK" duration-ms="15" status="PASS">
          <reporter-output>
          </reporter-output>
        </test-method> <!-- testMinus -->
        <test-method signature="testMinus()[pri:0, instance:CalculatorTestNG@5d11346a]" started-at="2021-07-05T23:20:12 MSK" name="testMinus" description="Проверка вычитания" finished-at="2021-07-05T23:20:12 MSK" duration-ms="1" status="PASS">
          <reporter-output>
          </reporter-output>
        </test-method> <!-- testMinus -->
        <test-method signature="testMinus()[pri:0, instance:CalculatorTestNG@5d11346a]" started-at="2021-07-05T23:20:12 MSK" name="testMinus" description="Проверка вычитания" finished-at="2021-07-05T23:20:12 MSK" duration-ms="0" status="PASS">
          <reporter-output>
          </reporter-output>
        </test-method> <!-- testMinus -->
        <test-method signature="testMultiply(double,double,double)[pri:0, instance:CalculatorTestNG@5d11346a]" started-at="2021-07-05T23:20:12 MSK" name="testMultiply" description="Проверка умножения" data-provider="multiplyArguments" finished-at="2021-07-05T23:20:12 MSK" duration-ms="1" status="PASS">
          <params>
            <param index="0">
              <value>
                <![CDATA[0]]>
              </value>
            </param>
            <param index="1">
              <value>
                <![CDATA[1]]>
              </value>
            </param>
            <param index="2">
              <value>
                <![CDATA[0]]>
              </value>
            </param>
          </params>
          <reporter-output>
          </reporter-output>
        </test-method> <!-- testMultiply -->
        <test-method signature="testMultiply(double,double,double)[pri:0, instance:CalculatorTestNG@5d11346a]" started-at="2021-07-05T23:20:12 MSK" name="testMultiply" description="Проверка умножения" data-provider="multiplyArguments" finished-at="2021-07-05T23:20:12 MSK" duration-ms="12" status="PASS">
          <params>
            <param index="0">
              <value>
                <![CDATA[1]]>
              </value>
            </param>
            <param index="1">
              <value>
                <![CDATA[2]]>
              </value>
            </param>
            <param index="2">
              <value>
                <![CDATA[2]]>
              </value>
            </param>
          </params>
          <reporter-output>
          </reporter-output>
        </test-method> <!-- testMultiply -->
        <test-method signature="testMultiply(double,double,double)[pri:0, instance:CalculatorTestNG@5d11346a]" started-at="2021-07-05T23:20:12 MSK" name="testMultiply" description="Проверка умножения" data-provider="multiplyArguments" finished-at="2021-07-05T23:20:12 MSK" duration-ms="1" status="PASS">
          <params>
            <param index="0">
              <value>
                <![CDATA[2]]>
              </value>
            </param>
            <param index="1">
              <value>
                <![CDATA[3]]>
              </value>
            </param>
            <param index="2">
              <value>
                <![CDATA[6]]>
              </value>
            </param>
          </params>
          <reporter-output>
          </reporter-output>
        </test-method> <!-- testMultiply -->
        <test-method signature="testMultiply(double,double,double)[pri:0, instance:CalculatorTestNG@5d11346a]" started-at="2021-07-05T23:20:12 MSK" name="testMultiply" description="Проверка умножения" data-provider="multiplyArguments" finished-at="2021-07-05T23:20:12 MSK" duration-ms="2" status="PASS">
          <params>
            <param index="0">
              <value>
                <![CDATA[3]]>
              </value>
            </param>
            <param index="1">
              <value>
                <![CDATA[-4]]>
              </value>
            </param>
            <param index="2">
              <value>
                <![CDATA[-12]]>
              </value>
            </param>
          </params>
          <reporter-output>
          </reporter-output>
        </test-method> <!-- testMultiply -->
        <test-method signature="testSum()[pri:0, instance:CalculatorTestNG@5d11346a]" started-at="2021-07-05T23:20:12 MSK" name="testSum" description="Проверка сложения" finished-at="2021-07-05T23:20:12 MSK" duration-ms="1" status="PASS">
          <reporter-output>
          </reporter-output>
        </test-method> <!-- testSum -->
      </class> <!-- CalculatorTestNG -->
    </test> <!-- homework -->
  </suite> <!-- Default Suite -->
</testng-results>
